<!DOCTYPE html PUBLIC "-//W3C//DTD XHTML 1.1//EN" "https://www.w3.org/TR/xhtml11/DTD/xhtml11.dtd">
<html xmlns="https://www.w3.org/1999/xhtml">
<head>
<meta http-equiv="content-type" content="text/html; charset=UTF-8"/>
<title>TestNG Report</title>
<style type="text/css">table {margin-bottom:10px;border-collapse:collapse;empty-cells:show}th,td {border:1px solid #009;padding:.25em .5em}th {vertical-align:bottom}td {vertical-align:top}table a {font-weight:bold}.stripe td {background-color: #E6EBF9}.num {text-align:right}.passedodd td {background-color: #3F3}.passedeven td {background-color: #0A0}.skippedodd td {background-color: #DDD}.skippedeven td {background-color: #CCC}.failedodd td,.attn {background-color: #F33}.failedeven td,.stripe .attn {background-color: #D00}.stacktrace {white-space:pre;font-family:monospace}.totop {font-size:85%;text-align:center;border-bottom:2px solid #000}.invisible {display:none}</style>
</head>
<body>
<table>
<tr><th>Test</th><th># Passed</th><th># Skipped</th><th># Retried</th><th># Failed</th><th>Time (ms)</th><th>Included Groups</th><th>Excluded Groups</th></tr>
<tr><th colspan="8">Suite</th></tr>
<tr><td><a href="#t0">Test</a></td><td class="num">0</td><td class="num attn">2</td><td class="num">0</td><td class="num">0</td><td class="num">108</td><td>smoke test</td><td></td></tr>
</table>
<table id='summary'><thead><tr><th>Class</th><th>Method</th><th>Start</th><th>Time (ms)</th></tr></thead><tbody><tr><th colspan="4">Suite</th></tr></tbody><tbody id="t0"><tr><th colspan="4">Test &#8212; failed (configuration methods)</th></tr><tr class="failedeven"><td rowspan="6">ebay.BasicFunctionality.BasicAndCriticalFeautureTest</td><td><a href="#m0">configAMTest</a></td><td rowspan="2">1743939144770</td><td rowspan="2">3</td></tr><tr class="failedeven"><td><a href="#m1">configAMTest</a></td></tr><tr class="failedeven"><td><a href="#m2">configAcTest</a></td><td rowspan="1">1743939144788</td><td rowspan="1">2</td></tr><tr class="failedeven"><td><a href="#m3">configBCTest</a></td><td rowspan="1">1743939144702</td><td rowspan="1">-1743939144702</td></tr><tr class="failedeven"><td><a href="#m4">configBMTest</a></td><td rowspan="2">1743939144779</td><td rowspan="2">1</td></tr><tr class="failedeven"><td><a href="#m5">configBMTest</a></td></tr><tr><th colspan="4">Test &#8212; skipped</th></tr><tr class="skippedeven"><td rowspan="2">ebay.BasicFunctionality.BasicAndCriticalFeautureTest</td><td><a href="#m6">billingUpdateTest</a></td><td rowspan="1">1743939144753</td><td rowspan="1">0</td></tr><tr class="skippedeven"><td><a href="#m7">createAccountTest</a></td><td rowspan="1">1743939144781</td><td rowspan="1">1</td></tr></tbody>
</table>
<h2>Test</h2><h3 id="m0">ebay.BasicFunctionality.BasicAndCriticalFeautureTest#configAMTest</h3><table class="result"><tr><th>Exception</th></tr><tr><td><div class="stacktrace">java.lang.NullPointerException: Cannot invoke &quot;org.openqa.selenium.SearchContext.findElement(org.openqa.selenium.By)&quot; because &quot;this.searchContext&quot; is null
	at org.openqa.selenium.support.pagefactory.DefaultElementLocator.findElement(DefaultElementLocator.java:68)
	at org.openqa.selenium.support.pagefactory.internal.LocatingElementHandler.invoke(LocatingElementHandler.java:38)
	at jdk.proxy2/jdk.proxy2.$Proxy18.click(Unknown Source)
	at ebay.objectRepository.HomePage.logout(HomePage.java:131)
	at ebay.BaseClassUtility.BaseClass.configAMTest(BaseClass.java:70)
	at java.base/java.util.ArrayList.forEach(ArrayList.java:1596)
... Removed 30 stack frames</div></td></tr></table><p class="totop"><a href="#summary">back to summary</a></p>
<h3 id="m1">ebay.BasicFunctionality.BasicAndCriticalFeautureTest#configAMTest</h3><table class="result"><tr><th>Exception</th></tr><tr><td><div class="stacktrace">java.lang.NullPointerException: Cannot invoke &quot;org.openqa.selenium.SearchContext.findElement(org.openqa.selenium.By)&quot; because &quot;this.searchContext&quot; is null
	at org.openqa.selenium.support.pagefactory.DefaultElementLocator.findElement(DefaultElementLocator.java:68)
	at org.openqa.selenium.support.pagefactory.internal.LocatingElementHandler.invoke(LocatingElementHandler.java:38)
	at jdk.proxy2/jdk.proxy2.$Proxy18.click(Unknown Source)
	at ebay.objectRepository.HomePage.logout(HomePage.java:131)
	at ebay.BaseClassUtility.BaseClass.configAMTest(BaseClass.java:70)
	at java.base/java.util.ArrayList.forEach(ArrayList.java:1596)
... Removed 30 stack frames</div></td></tr></table><p class="totop"><a href="#summary">back to summary</a></p>
<h3 id="m2">ebay.BasicFunctionality.BasicAndCriticalFeautureTest#configAcTest</h3><table class="result"><tr><th>Exception</th></tr><tr><td><div class="stacktrace">java.lang.NullPointerException: Cannot invoke &quot;org.openqa.selenium.WebDriver.quit()&quot; because &quot;this.driver&quot; is null
	at ebay.BaseClassUtility.BaseClass.configAcTest(BaseClass.java:75)
	at java.base/java.util.ArrayList.forEach(ArrayList.java:1596)
... Removed 23 stack frames</div></td></tr></table><p class="totop"><a href="#summary">back to summary</a></p>
<h3 id="m3">ebay.BasicFunctionality.BasicAndCriticalFeautureTest#configBCTest</h3><table class="result"><tr><th>Exception</th></tr><tr><td><div class="stacktrace">org.testng.TestNGException: 
Parameter &apos;BROWSER&apos; is required by BeforeClass on method configBCTest but has not been marked @Optional or defined
in C:\Users\pc\eclipse-workspace\EbayOnlineShoppingApplication\GroupSmoketest.xml
	at java.base/java.util.ArrayList.forEach(ArrayList.java:1596)
... Removed 22 stack frames</div></td></tr></table><p class="totop"><a href="#summary">back to summary</a></p>
<h3 id="m4">ebay.BasicFunctionality.BasicAndCriticalFeautureTest#configBMTest</h3><table class="result"><tr><th>Exception</th></tr><tr><td><div class="stacktrace">java.lang.NullPointerException: Cannot invoke &quot;org.openqa.selenium.WebDriver.get(String)&quot; because &quot;this.driver&quot; is null
	at ebay.objectRepository.HomePage.LoginPage(HomePage.java:121)
	at ebay.BaseClassUtility.BaseClass.configBMTest(BaseClass.java:64)
	at java.base/java.util.ArrayList.forEach(ArrayList.java:1596)
... Removed 29 stack frames</div></td></tr></table><p class="totop"><a href="#summary">back to summary</a></p>
<h3 id="m5">ebay.BasicFunctionality.BasicAndCriticalFeautureTest#configBMTest</h3><table class="result"><tr><th>Exception</th></tr><tr><td><div class="stacktrace">java.lang.NullPointerException: Cannot invoke &quot;org.openqa.selenium.WebDriver.get(String)&quot; because &quot;this.driver&quot; is null
	at ebay.objectRepository.HomePage.LoginPage(HomePage.java:121)
	at ebay.BaseClassUtility.BaseClass.configBMTest(BaseClass.java:64)
	at java.base/java.util.ArrayList.forEach(ArrayList.java:1596)
... Removed 29 stack frames</div></td></tr></table><p class="totop"><a href="#summary">back to summary</a></p>
<h3 id="m6">ebay.BasicFunctionality.BasicAndCriticalFeautureTest#billingUpdateTest</h3><table class="result"><tr><th>Exception</th></tr><tr><td><div class="stacktrace">java.lang.NullPointerException: Cannot invoke &quot;org.openqa.selenium.WebDriver.get(String)&quot; because &quot;this.driver&quot; is null
	at ebay.objectRepository.HomePage.LoginPage(HomePage.java:121)
	at ebay.BaseClassUtility.BaseClass.configBMTest(BaseClass.java:64)
	at java.base/java.util.ArrayList.forEach(ArrayList.java:1596)
... Removed 29 stack frames</div></td></tr></table><p class="totop"><a href="#summary">back to summary</a></p>
<h3 id="m7">ebay.BasicFunctionality.BasicAndCriticalFeautureTest#createAccountTest</h3><table class="result"><tr><th>Exception</th></tr><tr><td><div class="stacktrace">java.lang.NullPointerException: Cannot invoke &quot;org.openqa.selenium.WebDriver.get(String)&quot; because &quot;this.driver&quot; is null
	at ebay.objectRepository.HomePage.LoginPage(HomePage.java:121)
	at ebay.BaseClassUtility.BaseClass.configBMTest(BaseClass.java:64)
	at java.base/java.util.ArrayList.forEach(ArrayList.java:1596)
... Removed 29 stack frames</div></td></tr></table><p class="totop"><a href="#summary">back to summary</a></p>
</body>
</html>
