<?xml version="1.0" encoding="UTF-8"?>
<!-- Generated by org.testng.reporters.JUnitXMLReporter -->
<testsuite ignored="4" hostname="DESKTOP-L217HRR" failures="0" tests="1" name="test runner=chrome" time="19.497" errors="0" timestamp="2025-04-06T17:01:34 IST">
  <testcase classname="ebay.BaseClassUtility.BaseClass" name="@BeforeMethod configBMTest" time="7.411">
    <failure type="org.openqa.selenium.ElementClickInterceptedException" message="element click intercepted: Element &amp;lt;button type=&amp;quot;submit&amp;quot; class=&amp;quot;btn-upper btn btn-primary checkout-page-button&amp;quot; name=&amp;quot;login&amp;quot;&amp;gt;...&amp;lt;/button&amp;gt; is not clickable at point (88, 540). Other element would receive the click: &amp;lt;div style=&amp;quot;width: 100%;position: fixed;bottom:0px;background-color:rgb(197, 232, 152, 0.8);display:flex;justify-content:center;z-index: 1000;padding-top:10px&amp;quot;&amp;gt;...&amp;lt;/div&amp;gt;
  (Session info: MicrosoftEdge=135.0.3179.54)
Build info: version: &amp;apos;4.13.0&amp;apos;, revision: &amp;apos;ba948ece5b*&amp;apos;
System info: os.name: &amp;apos;Windows 10&amp;apos;, os.arch: &amp;apos;amd64&amp;apos;, os.version: &amp;apos;10.0&amp;apos;, java.version: &amp;apos;21.0.6&amp;apos;
Driver info: org.openqa.selenium.edge.EdgeDriver
Command: [b186658b7482fb1327f7bb6318d8e817, clickElement {id=f.6B995671FFD8E43746AB2D6C4DB6753A.d.76E020CFA6288B00C454E4345A2AD9CF.e.101}]
Capabilities {acceptInsecureCerts: false, browserName: MicrosoftEdge, browserVersion: 135.0.3179.54, fedcm:accounts: true, ms:edgeOptions: {debuggerAddress: localhost:50481}, msedge: {msedgedriverVersion: 135.0.3179.54 (c435295f8c13..., userDataDir: C:\Users\pc\AppData\Local\T...}, networkConnectionEnabled: false, pageLoadStrategy: normal, platformName: windows, proxy: Proxy(), se:cdp: ws://localhost:50481/devtoo..., se:cdpVersion: 135.0.3179.54, setWindowRect: true, strictFileInteractability: false, timeouts: {implicit: 0, pageLoad: 300000, script: 30000}, unhandledPromptBehavior: dismiss and notify, webauthn:extension:credBlob: true, webauthn:extension:largeBlob: true, webauthn:extension:minPinLength: true, webauthn:extension:prf: true, webauthn:virtualAuthenticators: true}
Element: [[EdgeDriver: MicrosoftEdge on windows (b186658b7482fb1327f7bb6318d8e817)] -&amp;gt; name: login]
Session ID: b186658b7482fb1327f7bb6318d8e817">
      <![CDATA[org.openqa.selenium.ElementClickInterceptedException: element click intercepted: Element <button type="submit" class="btn-upper btn btn-primary checkout-page-button" name="login">...</button> is not clickable at point (88, 540). Other element would receive the click: <div style="width: 100%;position: fixed;bottom:0px;background-color:rgb(197, 232, 152, 0.8);display:flex;justify-content:center;z-index: 1000;padding-top:10px">...</div>
  (Session info: MicrosoftEdge=135.0.3179.54)
Build info: version: '4.13.0', revision: 'ba948ece5b*'
System info: os.name: 'Windows 10', os.arch: 'amd64', os.version: '10.0', java.version: '21.0.6'
Driver info: org.openqa.selenium.edge.EdgeDriver
Command: [b186658b7482fb1327f7bb6318d8e817, clickElement {id=f.6B995671FFD8E43746AB2D6C4DB6753A.d.76E020CFA6288B00C454E4345A2AD9CF.e.101}]
Capabilities {acceptInsecureCerts: false, browserName: MicrosoftEdge, browserVersion: 135.0.3179.54, fedcm:accounts: true, ms:edgeOptions: {debuggerAddress: localhost:50481}, msedge: {msedgedriverVersion: 135.0.3179.54 (c435295f8c13..., userDataDir: C:\Users\pc\AppData\Local\T...}, networkConnectionEnabled: false, pageLoadStrategy: normal, platformName: windows, proxy: Proxy(), se:cdp: ws://localhost:50481/devtoo..., se:cdpVersion: 135.0.3179.54, setWindowRect: true, strictFileInteractability: false, timeouts: {implicit: 0, pageLoad: 300000, script: 30000}, unhandledPromptBehavior: dismiss and notify, webauthn:extension:credBlob: true, webauthn:extension:largeBlob: true, webauthn:extension:minPinLength: true, webauthn:extension:prf: true, webauthn:virtualAuthenticators: true}
Element: [[EdgeDriver: MicrosoftEdge on windows (b186658b7482fb1327f7bb6318d8e817)] -> name: login]
Session ID: b186658b7482fb1327f7bb6318d8e817
at org.openqa.selenium.remote.codec.w3c.W3CHttpResponseCodec.createException(W3CHttpResponseCodec.java:200)
at org.openqa.selenium.remote.codec.w3c.W3CHttpResponseCodec.decode(W3CHttpResponseCodec.java:133)
at org.openqa.selenium.remote.codec.w3c.W3CHttpResponseCodec.decode(W3CHttpResponseCodec.java:52)
at org.openqa.selenium.remote.HttpCommandExecutor.execute(HttpCommandExecutor.java:191)
at org.openqa.selenium.remote.service.DriverCommandExecutor.invokeExecute(DriverCommandExecutor.java:196)
at org.openqa.selenium.remote.service.DriverCommandExecutor.execute(DriverCommandExecutor.java:171)
at org.openqa.selenium.remote.RemoteWebDriver.execute(RemoteWebDriver.java:602)
at org.openqa.selenium.remote.RemoteWebElement.execute(RemoteWebElement.java:224)
at org.openqa.selenium.remote.RemoteWebElement.click(RemoteWebElement.java:77)
at org.openqa.selenium.support.pagefactory.internal.LocatingElementHandler.invoke(LocatingElementHandler.java:51)
at jdk.proxy2/jdk.proxy2.$Proxy22.click(Unknown Source)
at ebay.objectRepository.HomePage.LoginPage(HomePage.java:127)
at ebay.BaseClassUtility.BaseClass.configBMTest(BaseClass.java:64)
at java.base/java.util.ArrayList.forEach(ArrayList.java:1596)
at java.base/java.util.concurrent.FutureTask.run(FutureTask.java:317)
at java.base/java.util.concurrent.ThreadPoolExecutor.runWorker(ThreadPoolExecutor.java:1144)
at java.base/java.util.concurrent.ThreadPoolExecutor$Worker.run(ThreadPoolExecutor.java:642)
at java.base/java.lang.Thread.run(Thread.java:1583)
... Removed 24 stack frames]]>
    </failure>
  </testcase> <!-- @BeforeMethod configBMTest -->
  <testcase classname="ebay.DataFlow.IntegratedTest" name="CartTest" time="3.225"/>
  <testcase classname="ebay.BaseClassUtility.BaseClass" name="@AfterSuite configAsTest" time="0.0">
    <ignored/>
  </testcase> <!-- @AfterSuite configAsTest -->
  <testcase classname="ebay.BaseClassUtility.BaseClass" name="@AfterSuite configAsTest" time="0.0">
    <ignored/>
  </testcase> <!-- @AfterSuite configAsTest -->
  <testcase classname="ebay.BaseClassUtility.BaseClass" name="@BeforeSuite configBSTest" time="0.0">
    <ignored/>
  </testcase> <!-- @BeforeSuite configBSTest -->
  <testcase classname="ebay.BaseClassUtility.BaseClass" name="@BeforeSuite configBSTest" time="0.0">
    <ignored/>
  </testcase> <!-- @BeforeSuite configBSTest -->
</testsuite> <!-- test runner=chrome -->
